2019-12-29 00:03:28.489  WARN 56516 --- [http-nio-8081-exec-3] com.zaxxer.hikari.pool.PoolBase          : HikariPool-1 - Failed to validate connection com.mysql.cj.jdbc.ConnectionImpl@3affcfcc (No operations allowed after connection closed.). Possibly consider using a shorter maxLifetime value.
2019-12-29 00:03:28.497  WARN 56516 --- [http-nio-8081-exec-3] com.zaxxer.hikari.pool.PoolBase          : HikariPool-1 - Failed to validate connection com.mysql.cj.jdbc.ConnectionImpl@21a7a2dc (No operations allowed after connection closed.). Possibly consider using a shorter maxLifetime value.
2019-12-29 00:03:28.498  WARN 56516 --- [http-nio-8081-exec-3] com.zaxxer.hikari.pool.PoolBase          : HikariPool-1 - Failed to validate connection com.mysql.cj.jdbc.ConnectionImpl@33e37f93 (No operations allowed after connection closed.). Possibly consider using a shorter maxLifetime value.
2019-12-29 00:03:28.500  WARN 56516 --- [http-nio-8081-exec-3] com.zaxxer.hikari.pool.PoolBase          : HikariPool-1 - Failed to validate connection com.mysql.cj.jdbc.ConnectionImpl@2520f525 (No operations allowed after connection closed.). Possibly consider using a shorter maxLifetime value.
2019-12-29 00:03:28.504  WARN 56516 --- [http-nio-8081-exec-3] com.zaxxer.hikari.pool.PoolBase          : HikariPool-1 - Failed to validate connection com.mysql.cj.jdbc.ConnectionImpl@5c0c16cb (No operations allowed after connection closed.). Possibly consider using a shorter maxLifetime value.
2019-12-29 00:03:28.508  WARN 56516 --- [http-nio-8081-exec-3] com.zaxxer.hikari.pool.PoolBase          : HikariPool-1 - Failed to validate connection com.mysql.cj.jdbc.ConnectionImpl@4021fed4 (No operations allowed after connection closed.). Possibly consider using a shorter maxLifetime value.
2019-12-29 00:03:28.510  WARN 56516 --- [http-nio-8081-exec-3] com.zaxxer.hikari.pool.PoolBase          : HikariPool-1 - Failed to validate connection com.mysql.cj.jdbc.ConnectionImpl@68160ea4 (No operations allowed after connection closed.). Possibly consider using a shorter maxLifetime value.
2019-12-29 00:03:28.511  WARN 56516 --- [http-nio-8081-exec-3] com.zaxxer.hikari.pool.PoolBase          : HikariPool-1 - Failed to validate connection com.mysql.cj.jdbc.ConnectionImpl@4abd575e (No operations allowed after connection closed.). Possibly consider using a shorter maxLifetime value.
2019-12-29 00:03:28.513  WARN 56516 --- [http-nio-8081-exec-3] com.zaxxer.hikari.pool.PoolBase          : HikariPool-1 - Failed to validate connection com.mysql.cj.jdbc.ConnectionImpl@76bbaa8c (No operations allowed after connection closed.). Possibly consider using a shorter maxLifetime value.
2019-12-29 00:03:28.514  WARN 56516 --- [http-nio-8081-exec-3] com.zaxxer.hikari.pool.PoolBase          : HikariPool-1 - Failed to validate connection com.mysql.cj.jdbc.ConnectionImpl@39233dd1 (No operations allowed after connection closed.). Possibly consider using a shorter maxLifetime value.
2019-12-29 00:03:30.599 DEBUG 56516 --- [http-nio-8081-exec-3] c.g.m.m.P.updateFactoryStatus            : ==>  Preparing: update pms_brand set factory_status = ? where id = ? 
2019-12-29 00:03:30.600 DEBUG 56516 --- [http-nio-8081-exec-3] c.g.m.m.P.updateFactoryStatus            : ==> Parameters: 0(Integer), 1(Long)
2019-12-29 00:03:31.197 DEBUG 56516 --- [http-nio-8081-exec-3] c.g.m.m.P.updateFactoryStatus            : <==    Updates: 1
2019-12-29 00:03:31.313 DEBUG 56516 --- [http-nio-8081-exec-4] c.g.m.m.P.updateFactoryStatus            : ==>  Preparing: update pms_brand set factory_status = ? where id = ? 
2019-12-29 00:03:31.314 DEBUG 56516 --- [http-nio-8081-exec-4] c.g.m.m.P.updateFactoryStatus            : ==> Parameters: 1(Integer), 1(Long)
2019-12-29 00:03:32.629 DEBUG 56516 --- [http-nio-8081-exec-4] c.g.m.m.P.updateFactoryStatus            : <==    Updates: 1
2019-12-29 00:03:33.912 DEBUG 56516 --- [http-nio-8081-exec-8] c.g.m.m.P.selectAllBrand_COUNT           : ==>  Preparing: SELECT count(0) FROM mall.pms_brand 
2019-12-29 00:03:33.914 DEBUG 56516 --- [http-nio-8081-exec-8] c.g.m.m.P.selectAllBrand_COUNT           : ==> Parameters: 
2019-12-29 00:03:33.961 DEBUG 56516 --- [http-nio-8081-exec-8] c.g.m.m.P.selectAllBrand_COUNT           : <==      Total: 1
2019-12-29 00:03:33.961 DEBUG 56516 --- [http-nio-8081-exec-8] c.g.m.m.PmsBrandMapper.selectAllBrand    : ==>  Preparing: select * from mall.pms_brand LIMIT ? 
2019-12-29 00:03:33.962 DEBUG 56516 --- [http-nio-8081-exec-8] c.g.m.m.PmsBrandMapper.selectAllBrand    : ==> Parameters: 10(Integer)
2019-12-29 00:03:34.008 DEBUG 56516 --- [http-nio-8081-exec-8] c.g.m.m.PmsBrandMapper.selectAllBrand    : <==      Total: 10
2019-12-29 00:11:16.139 DEBUG 56516 --- [http-nio-8081-exec-2] c.g.m.m.P.updateFactoryStatus            : ==>  Preparing: update pms_brand set factory_status = ? where id = ? 
2019-12-29 00:11:16.140 DEBUG 56516 --- [http-nio-8081-exec-2] c.g.m.m.P.updateFactoryStatus            : ==> Parameters: 0(Integer), 3(Long)
2019-12-29 00:11:16.719 DEBUG 56516 --- [http-nio-8081-exec-2] c.g.m.m.P.updateFactoryStatus            : <==    Updates: 1
2019-12-29 00:11:18.700 DEBUG 56516 --- [http-nio-8081-exec-3] c.g.m.m.P.updateFactoryStatus            : ==>  Preparing: update pms_brand set factory_status = ? where id = ? 
2019-12-29 00:11:18.701 DEBUG 56516 --- [http-nio-8081-exec-3] c.g.m.m.P.updateFactoryStatus            : ==> Parameters: 1(Integer), 3(Long)
2019-12-29 00:11:19.276 DEBUG 56516 --- [http-nio-8081-exec-3] c.g.m.m.P.updateFactoryStatus            : <==    Updates: 1
2019-12-29 00:12:12.211  INFO 56516 --- [SpringContextShutdownHook] o.s.s.concurrent.ThreadPoolTaskExecutor  : Shutting down ExecutorService 'applicationTaskExecutor'
2019-12-29 00:12:12.213  INFO 56516 --- [SpringContextShutdownHook] com.zaxxer.hikari.HikariDataSource       : HikariPool-1 - Shutdown initiated...
2019-12-29 00:12:12.218  INFO 56516 --- [SpringContextShutdownHook] com.zaxxer.hikari.HikariDataSource       : HikariPool-1 - Shutdown completed.
